# JRE version: Java(TM) SE Runtime Environment (8.0_191-b12) (build 1.8.0_191-b12)
# Java VM: Java HotSpot(TM) 64-Bit Server VM (25.191-b12 mixed mode windows-amd64 compressed oops)
Heap:
 PSYoungGen      total 65536K, used 25246K [0x00000000d5c00000, 0x00000000da700000, 0x0000000100000000)
  eden space 60416K, 33% used [0x00000000d5c00000,0x00000000d6faac40,0x00000000d9700000)
  from space 5120K, 99% used [0x00000000da200000,0x00000000da6fce38,0x00000000da700000)
  to   space 5120K, 0% used [0x00000000d9d00000,0x00000000d9d00000,0x00000000da200000)
 ParOldGen       total 49152K, used 6335K [0x0000000081400000, 0x0000000084400000, 0x00000000d5c00000)
  object space 49152K, 12% used [0x0000000081400000,0x0000000081a2fe80,0x0000000084400000)
 Metaspace       used 24607K, capacity 25558K, committed 25600K, reserved 1071104K
  class space    used 3031K, capacity 3293K, committed 3328K, reserved 1048576K
GC Heap History (10 events):
Event: 1.076 GC heap before
{Heap before GC invocations=1 (full 0):
 PSYoungGen      total 38400K, used 33280K [0x00000000d5c00000, 0x00000000d8680000, 0x0000000100000000)
  eden space 33280K, 100% used [0x00000000d5c00000,0x00000000d7c80000,0x00000000d7c80000)
  from space 5120K, 0% used [0x00000000d8180000,0x00000000d8180000,0x00000000d8680000)
  to   space 5120K, 0% used [0x00000000d7c80000,0x00000000d7c80000,0x00000000d8180000)
 ParOldGen       total 87552K, used 0K [0x0000000081400000, 0x0000000086980000, 0x00000000d5c00000)
  object space 87552K, 0% used [0x0000000081400000,0x0000000081400000,0x0000000086980000)
 Metaspace       used 12980K, capacity 13300K, committed 13568K, reserved 1060864K
  class space    used 1548K, capacity 1682K, committed 1792K, reserved 1048576K
Event: 1.083 GC heap after
Heap after GC invocations=1 (full 0):
 PSYoungGen      total 38400K, used 5102K [0x00000000d5c00000, 0x00000000d8680000, 0x0000000100000000)
  eden space 33280K, 0% used [0x00000000d5c00000,0x00000000d5c00000,0x00000000d7c80000)
  from space 5120K, 99% used [0x00000000d7c80000,0x00000000d817ba98,0x00000000d8180000)
  to   space 5120K, 0% used [0x00000000d8180000,0x00000000d8180000,0x00000000d8680000)
 ParOldGen       total 87552K, used 1681K [0x0000000081400000, 0x0000000086980000, 0x00000000d5c00000)
  object space 87552K, 1% used [0x0000000081400000,0x00000000815a46e8,0x0000000086980000)
 Metaspace       used 12980K, capacity 13300K, committed 13568K, reserved 1060864K
  class space    used 1548K, capacity 1682K, committed 1792K, reserved 1048576K
}
Event: 9.773 GC heap before
{Heap before GC invocations=2 (full 0):
 PSYoungGen      total 38400K, used 38382K [0x00000000d5c00000, 0x00000000d8680000, 0x0000000100000000)
  eden space 33280K, 100% used [0x00000000d5c00000,0x00000000d7c80000,0x00000000d7c80000)
  from space 5120K, 99% used [0x00000000d7c80000,0x00000000d817ba98,0x00000000d8180000)
  to   space 5120K, 0% used [0x00000000d8180000,0x00000000d8180000,0x00000000d8680000)
 ParOldGen       total 87552K, used 1681K [0x0000000081400000, 0x0000000086980000, 0x00000000d5c00000)
  object space 87552K, 1% used [0x0000000081400000,0x00000000815a46e8,0x0000000086980000)
 Metaspace       used 18998K, capacity 19788K, committed 20096K, reserved 1067008K
  class space    used 2364K, capacity 2574K, committed 2688K, reserved 1048576K
Event: 9.788 GC heap after
Heap after GC invocations=2 (full 0):
 PSYoungGen      total 38400K, used 5118K [0x00000000d5c00000, 0x00000000d8680000, 0x0000000100000000)
  eden space 33280K, 0% used [0x00000000d5c00000,0x00000000d5c00000,0x00000000d7c80000)
  from space 5120K, 99% used [0x00000000d8180000,0x00000000d867f8a8,0x00000000d8680000)
  to   space 5120K, 0% used [0x00000000d7c80000,0x00000000d7c80000,0x00000000d8180000)
 ParOldGen       total 87552K, used 4890K [0x0000000081400000, 0x0000000086980000, 0x00000000d5c00000)
  object space 87552K, 5% used [0x0000000081400000,0x00000000818c6830,0x0000000086980000)
 Metaspace       used 18998K, capacity 19788K, committed 20096K, reserved 1067008K
  class space    used 2364K, capacity 2574K, committed 2688K, reserved 1048576K
}
Event: 9.932 GC heap before
{Heap before GC invocations=3 (full 0):
 PSYoungGen      total 38400K, used 14212K [0x00000000d5c00000, 0x00000000d8680000, 0x0000000100000000)
  eden space 33280K, 27% used [0x00000000d5c00000,0x00000000d64e18b0,0x00000000d7c80000)
  from space 5120K, 99% used [0x00000000d8180000,0x00000000d867f8a8,0x00000000d8680000)
  to   space 5120K, 0% used [0x00000000d7c80000,0x00000000d7c80000,0x00000000d8180000)
 ParOldGen       total 87552K, used 4890K [0x0000000081400000, 0x0000000086980000, 0x00000000d5c00000)
  object space 87552K, 5% used [0x0000000081400000,0x00000000818c6830,0x0000000086980000)
 Metaspace       used 20313K, capacity 21114K, committed 21248K, reserved 1067008K
  class space    used 2506K, capacity 2737K, committed 2816K, reserved 1048576K
Event: 9.939 GC heap after
Heap after GC invocations=3 (full 0):
 PSYoungGen      total 38400K, used 5091K [0x00000000d5c00000, 0x00000000da700000, 0x0000000100000000)
  eden space 33280K, 0% used [0x00000000d5c00000,0x00000000d5c00000,0x00000000d7c80000)
  from space 5120K, 99% used [0x00000000d7c80000,0x00000000d8178f38,0x00000000d8180000)
  to   space 5120K, 0% used [0x00000000da200000,0x00000000da200000,0x00000000da700000)
 ParOldGen       total 87552K, used 6079K [0x0000000081400000, 0x0000000086980000, 0x00000000d5c00000)
  object space 87552K, 6% used [0x0000000081400000,0x00000000819effa8,0x0000000086980000)
 Metaspace       used 20313K, capacity 21114K, committed 21248K, reserved 1067008K
  class space    used 2506K, capacity 2737K, committed 2816K, reserved 1048576K
}
Event: 9.939 GC heap before
{Heap before GC invocations=4 (full 1):
 PSYoungGen      total 38400K, used 5091K [0x00000000d5c00000, 0x00000000da700000, 0x0000000100000000)
  eden space 33280K, 0% used [0x00000000d5c00000,0x00000000d5c00000,0x00000000d7c80000)
  from space 5120K, 99% used [0x00000000d7c80000,0x00000000d8178f38,0x00000000d8180000)
  to   space 5120K, 0% used [0x00000000da200000,0x00000000da200000,0x00000000da700000)
 ParOldGen       total 87552K, used 6079K [0x0000000081400000, 0x0000000086980000, 0x00000000d5c00000)
  object space 87552K, 6% used [0x0000000081400000,0x00000000819effa8,0x0000000086980000)
 Metaspace       used 20313K, capacity 21114K, committed 21248K, reserved 1067008K
  class space    used 2506K, capacity 2737K, committed 2816K, reserved 1048576K
Event: 9.974 GC heap after
Heap after GC invocations=4 (full 1):
 PSYoungGen      total 38400K, used 0K [0x00000000d5c00000, 0x00000000da700000, 0x0000000100000000)
  eden space 33280K, 0% used [0x00000000d5c00000,0x00000000d5c00000,0x00000000d7c80000)
  from space 5120K, 0% used [0x00000000d7c80000,0x00000000d7c80000,0x00000000d8180000)
  to   space 5120K, 0% used [0x00000000da200000,0x00000000da200000,0x00000000da700000)
 ParOldGen       total 49152K, used 6327K [0x0000000081400000, 0x0000000084400000, 0x00000000d5c00000)
  object space 49152K, 12% used [0x0000000081400000,0x0000000081a2de80,0x0000000084400000)
 Metaspace       used 20313K, capacity 21114K, committed 21248K, reserved 1067008K
  class space    used 2506K, capacity 2737K, committed 2816K, reserved 1048576K
}
Event: 15.058 GC heap before
{Heap before GC invocations=5 (full 1):
 PSYoungGen      total 38400K, used 33280K [0x00000000d5c00000, 0x00000000da700000, 0x0000000100000000)
  eden space 33280K, 100% used [0x00000000d5c00000,0x00000000d7c80000,0x00000000d7c80000)
  from space 5120K, 0% used [0x00000000d7c80000,0x00000000d7c80000,0x00000000d8180000)
  to   space 5120K, 0% used [0x00000000da200000,0x00000000da200000,0x00000000da700000)
 ParOldGen       total 49152K, used 6327K [0x0000000081400000, 0x0000000084400000, 0x00000000d5c00000)
  object space 49152K, 12% used [0x0000000081400000,0x0000000081a2de80,0x0000000084400000)
 Metaspace       used 24208K, capacity 25118K, committed 25344K, reserved 1071104K
  class space    used 3009K, capacity 3219K, committed 3328K, reserved 1048576K
Event: 15.065 GC heap after
Heap after GC invocations=5 (full 1):
 PSYoungGen      total 65536K, used 5107K [0x00000000d5c00000, 0x00000000da700000, 0x0000000100000000)
  eden space 60416K, 0% used [0x00000000d5c00000,0x00000000d5c00000,0x00000000d9700000)
  from space 5120K, 99% used [0x00000000da200000,0x00000000da6fce38,0x00000000da700000)
  to   space 5120K, 0% used [0x00000000d9d00000,0x00000000d9d00000,0x00000000da200000)
 ParOldGen       total 49152K, used 6335K [0x0000000081400000, 0x0000000084400000, 0x00000000d5c00000)
  object space 49152K, 12% used [0x0000000081400000,0x0000000081a2fe80,0x0000000084400000)
 Metaspace       used 24208K, capacity 25118K, committed 25344K, reserved 1071104K
  class space    used 3009K, capacity 3219K, committed 3328K, reserved 1048576K
}

