# JRE version: Java(TM) SE Runtime Environment (8.0_191-b12) (build 1.8.0_191-b12)
# Java VM: Java HotSpot(TM) 64-Bit Server VM (25.191-b12 mixed mode windows-amd64 compressed oops)
Heap:
 PSYoungGen      total 64000K, used 12099K [0x00000000d5c00000, 0x00000000da700000, 0x0000000100000000)
  eden space 58880K, 12% used [0x00000000d5c00000,0x00000000d634ba28,0x00000000d9580000)
  from space 5120K, 90% used [0x00000000da200000,0x00000000da685500,0x00000000da700000)
  to   space 5120K, 0% used [0x00000000d9d00000,0x00000000d9d00000,0x00000000da200000)
 ParOldGen       total 50176K, used 6325K [0x0000000081400000, 0x0000000084500000, 0x00000000d5c00000)
  object space 50176K, 12% used [0x0000000081400000,0x0000000081a2d6c8,0x0000000084500000)
 Metaspace       used 24596K, capacity 25452K, committed 25600K, reserved 1071104K
  class space    used 3034K, capacity 3246K, committed 3328K, reserved 1048576K
GC Heap History (10 events):
Event: 1.709 GC heap before
{Heap before GC invocations=1 (full 0):
 PSYoungGen      total 38400K, used 33280K [0x00000000d5c00000, 0x00000000d8680000, 0x0000000100000000)
  eden space 33280K, 100% used [0x00000000d5c00000,0x00000000d7c80000,0x00000000d7c80000)
  from space 5120K, 0% used [0x00000000d8180000,0x00000000d8180000,0x00000000d8680000)
  to   space 5120K, 0% used [0x00000000d7c80000,0x00000000d7c80000,0x00000000d8180000)
 ParOldGen       total 87552K, used 0K [0x0000000081400000, 0x0000000086980000, 0x00000000d5c00000)
  object space 87552K, 0% used [0x0000000081400000,0x0000000081400000,0x0000000086980000)
 Metaspace       used 12742K, capacity 13112K, committed 13184K, reserved 1060864K
  class space    used 1518K, capacity 1617K, committed 1664K, reserved 1048576K
Event: 1.717 GC heap after
Heap after GC invocations=1 (full 0):
 PSYoungGen      total 38400K, used 5101K [0x00000000d5c00000, 0x00000000d8680000, 0x0000000100000000)
  eden space 33280K, 0% used [0x00000000d5c00000,0x00000000d5c00000,0x00000000d7c80000)
  from space 5120K, 99% used [0x00000000d7c80000,0x00000000d817b778,0x00000000d8180000)
  to   space 5120K, 0% used [0x00000000d8180000,0x00000000d8180000,0x00000000d8680000)
 ParOldGen       total 87552K, used 1445K [0x0000000081400000, 0x0000000086980000, 0x00000000d5c00000)
  object space 87552K, 1% used [0x0000000081400000,0x00000000815695d8,0x0000000086980000)
 Metaspace       used 12742K, capacity 13112K, committed 13184K, reserved 1060864K
  class space    used 1518K, capacity 1617K, committed 1664K, reserved 1048576K
}
Event: 9.402 GC heap before
{Heap before GC invocations=2 (full 0):
 PSYoungGen      total 38400K, used 38381K [0x00000000d5c00000, 0x00000000d8680000, 0x0000000100000000)
  eden space 33280K, 100% used [0x00000000d5c00000,0x00000000d7c80000,0x00000000d7c80000)
  from space 5120K, 99% used [0x00000000d7c80000,0x00000000d817b778,0x00000000d8180000)
  to   space 5120K, 0% used [0x00000000d8180000,0x00000000d8180000,0x00000000d8680000)
 ParOldGen       total 87552K, used 1445K [0x0000000081400000, 0x0000000086980000, 0x00000000d5c00000)
  object space 87552K, 1% used [0x0000000081400000,0x00000000815695d8,0x0000000086980000)
 Metaspace       used 18393K, capacity 19208K, committed 19456K, reserved 1067008K
  class space    used 2303K, capacity 2510K, committed 2560K, reserved 1048576K
Event: 9.413 GC heap after
Heap after GC invocations=2 (full 0):
 PSYoungGen      total 38400K, used 5103K [0x00000000d5c00000, 0x00000000d8680000, 0x0000000100000000)
  eden space 33280K, 0% used [0x00000000d5c00000,0x00000000d5c00000,0x00000000d7c80000)
  from space 5120K, 99% used [0x00000000d8180000,0x00000000d867bf58,0x00000000d8680000)
  to   space 5120K, 0% used [0x00000000d7c80000,0x00000000d7c80000,0x00000000d8180000)
 ParOldGen       total 87552K, used 4628K [0x0000000081400000, 0x0000000086980000, 0x00000000d5c00000)
  object space 87552K, 5% used [0x0000000081400000,0x00000000818850e8,0x0000000086980000)
 Metaspace       used 18393K, capacity 19208K, committed 19456K, reserved 1067008K
  class space    used 2303K, capacity 2510K, committed 2560K, reserved 1048576K
}
Event: 9.569 GC heap before
{Heap before GC invocations=3 (full 0):
 PSYoungGen      total 38400K, used 14941K [0x00000000d5c00000, 0x00000000d8680000, 0x0000000100000000)
  eden space 33280K, 29% used [0x00000000d5c00000,0x00000000d659b5f0,0x00000000d7c80000)
  from space 5120K, 99% used [0x00000000d8180000,0x00000000d867bf58,0x00000000d8680000)
  to   space 5120K, 0% used [0x00000000d7c80000,0x00000000d7c80000,0x00000000d8180000)
 ParOldGen       total 87552K, used 4628K [0x0000000081400000, 0x0000000086980000, 0x00000000d5c00000)
  object space 87552K, 5% used [0x0000000081400000,0x00000000818850e8,0x0000000086980000)
 Metaspace       used 20287K, capacity 21114K, committed 21248K, reserved 1067008K
  class space    used 2507K, capacity 2739K, committed 2816K, reserved 1048576K
Event: 9.576 GC heap after
Heap after GC invocations=3 (full 0):
 PSYoungGen      total 38400K, used 5117K [0x00000000d5c00000, 0x00000000da700000, 0x0000000100000000)
  eden space 33280K, 0% used [0x00000000d5c00000,0x00000000d5c00000,0x00000000d7c80000)
  from space 5120K, 99% used [0x00000000d7c80000,0x00000000d817f4e0,0x00000000d8180000)
  to   space 5120K, 0% used [0x00000000da200000,0x00000000da200000,0x00000000da700000)
 ParOldGen       total 87552K, used 5868K [0x0000000081400000, 0x0000000086980000, 0x00000000d5c00000)
  object space 87552K, 6% used [0x0000000081400000,0x00000000819bb178,0x0000000086980000)
 Metaspace       used 20287K, capacity 21114K, committed 21248K, reserved 1067008K
  class space    used 2507K, capacity 2739K, committed 2816K, reserved 1048576K
}
Event: 9.576 GC heap before
{Heap before GC invocations=4 (full 1):
 PSYoungGen      total 38400K, used 5117K [0x00000000d5c00000, 0x00000000da700000, 0x0000000100000000)
  eden space 33280K, 0% used [0x00000000d5c00000,0x00000000d5c00000,0x00000000d7c80000)
  from space 5120K, 99% used [0x00000000d7c80000,0x00000000d817f4e0,0x00000000d8180000)
  to   space 5120K, 0% used [0x00000000da200000,0x00000000da200000,0x00000000da700000)
 ParOldGen       total 87552K, used 5868K [0x0000000081400000, 0x0000000086980000, 0x00000000d5c00000)
  object space 87552K, 6% used [0x0000000081400000,0x00000000819bb178,0x0000000086980000)
 Metaspace       used 20287K, capacity 21114K, committed 21248K, reserved 1067008K
  class space    used 2507K, capacity 2739K, committed 2816K, reserved 1048576K
Event: 9.611 GC heap after
Heap after GC invocations=4 (full 1):
 PSYoungGen      total 38400K, used 0K [0x00000000d5c00000, 0x00000000da700000, 0x0000000100000000)
  eden space 33280K, 0% used [0x00000000d5c00000,0x00000000d5c00000,0x00000000d7c80000)
  from space 5120K, 0% used [0x00000000d7c80000,0x00000000d7c80000,0x00000000d8180000)
  to   space 5120K, 0% used [0x00000000da200000,0x00000000da200000,0x00000000da700000)
 ParOldGen       total 50176K, used 6317K [0x0000000081400000, 0x0000000084500000, 0x00000000d5c00000)
  object space 50176K, 12% used [0x0000000081400000,0x0000000081a2b6c8,0x0000000084500000)
 Metaspace       used 20287K, capacity 21114K, committed 21248K, reserved 1067008K
  class space    used 2507K, capacity 2739K, committed 2816K, reserved 1048576K
}
Event: 467.392 GC heap before
{Heap before GC invocations=5 (full 1):
 PSYoungGen      total 38400K, used 33280K [0x00000000d5c00000, 0x00000000da700000, 0x0000000100000000)
  eden space 33280K, 100% used [0x00000000d5c00000,0x00000000d7c80000,0x00000000d7c80000)
  from space 5120K, 0% used [0x00000000d7c80000,0x00000000d7c80000,0x00000000d8180000)
  to   space 5120K, 0% used [0x00000000da200000,0x00000000da200000,0x00000000da700000)
 ParOldGen       total 50176K, used 6317K [0x0000000081400000, 0x0000000084500000, 0x00000000d5c00000)
  object space 50176K, 12% used [0x0000000081400000,0x0000000081a2b6c8,0x0000000084500000)
 Metaspace       used 23961K, capacity 24904K, committed 25088K, reserved 1071104K
  class space    used 2983K, capacity 3214K, committed 3328K, reserved 1048576K
Event: 467.398 GC heap after
Heap after GC invocations=5 (full 1):
 PSYoungGen      total 64000K, used 4629K [0x00000000d5c00000, 0x00000000da700000, 0x0000000100000000)
  eden space 58880K, 0% used [0x00000000d5c00000,0x00000000d5c00000,0x00000000d9580000)
  from space 5120K, 90% used [0x00000000da200000,0x00000000da685500,0x00000000da700000)
  to   space 5120K, 0% used [0x00000000d9d00000,0x00000000d9d00000,0x00000000da200000)
 ParOldGen       total 50176K, used 6325K [0x0000000081400000, 0x0000000084500000, 0x00000000d5c00000)
  object space 50176K, 12% used [0x0000000081400000,0x0000000081a2d6c8,0x0000000084500000)
 Metaspace       used 23961K, capacity 24904K, committed 25088K, reserved 1071104K
  class space    used 2983K, capacity 3214K, committed 3328K, reserved 1048576K
}

