<?xml version="1.0" encoding="UTF-8"?>
<!-- Generated by org.testng.reporters.JUnitXMLReporter -->
<testsuite hostname="dosysnet071" ignored="1" name="Default test" tests="1" failures="0" timestamp="2019-11-25T17:01:32 IST" time="55.004" errors="0">
  <testcase name="setNotificationDaily" time="45.155" classname="com.dreamorbit.scripts.TestNotification"/>
  <testcase name="setNotificationWeekly" time="0.0" classname="com.dreamorbit.scripts.TestNotification">
    <ignored/>
  </testcase> <!-- setNotificationWeekly -->
</testsuite> <!-- Default test -->
