<?xml version="1.0" encoding="UTF-8"?>
<!-- Generated by org.testng.reporters.JUnitXMLReporter -->
<testsuite hostname="dosysnet071" ignored="1" name="Default test" tests="1" failures="0" timestamp="2019-11-15T19:04:39 IST" time="39.393" errors="0">
  <testcase name="AddResearcherCheckInValid" time="30.654" classname="com.dreamorbit.scripts.AddResearcherCheck"/>
  <testcase name="AddResearcherCheckValid" time="0.0" classname="com.dreamorbit.scripts.AddResearcherCheck">
    <ignored/>
  </testcase> <!-- AddResearcherCheckValid -->
</testsuite> <!-- Default test -->
