<?xml version="1.0" encoding="UTF-8"?>
<!-- Generated by org.testng.reporters.JUnitXMLReporter -->
<testsuite hostname="LAPTOP-EL48BSP3" ignored="14" name="Test" tests="1" failures="0" timestamp="10 Nov 2019 18:35:40 GMT" time="38.929" errors="0">
  <testcase name="totalParticipantNavigationCheck" time="21.117" classname="com.dreamorbit.scripts.LabelOptionsNavigationFlowCheck"/>
  <testcase name="testValidlogin" time="0.0" classname="com.dreamorbit.scripts.TestValidLogin">
    <ignored/>
  </testcase> <!-- testValidlogin -->
  <testcase name="forgotPasswordValid" time="0.0" classname="com.dreamorbit.scripts.ForgotPasswordCheck">
    <ignored/>
  </testcase> <!-- forgotPasswordValid -->
  <testcase name="jsonDownloadIncorrectSkey" time="0.0" classname="com.dreamorbit.scripts.JsonDownloadInvalidSkey">
    <ignored/>
  </testcase> <!-- jsonDownloadIncorrectSkey -->
  <testcase name="AddResearcherCheckInValid" time="0.0" classname="com.dreamorbit.scripts.AddResearcherCheck">
    <ignored/>
  </testcase> <!-- AddResearcherCheckInValid -->
  <testcase name="navigationFlowCheck" time="0.0" classname="com.dreamorbit.scripts.NavigationCheckOnDrawerOptions">
    <ignored/>
  </testcase> <!-- navigationFlowCheck -->
  <testcase name="jsonDownloadCheck" time="0.0" classname="com.dreamorbit.scripts.JsonDownloadValidSkey">
    <ignored/>
  </testcase> <!-- jsonDownloadCheck -->
  <testcase name="forgotPwdTologinNavigationChk" time="0.0" classname="com.dreamorbit.scripts.ForgotPasswordCheck">
    <ignored/>
  </testcase> <!-- forgotPwdTologinNavigationChk -->
  <testcase name="jsonDownloadInvalidSkey" time="0.0" classname="com.dreamorbit.scripts.JsonDownloadInvalidSkey">
    <ignored/>
  </testcase> <!-- jsonDownloadInvalidSkey -->
  <testcase name="ForgotPWDNavigationFlowCheck" time="0.0" classname="com.dreamorbit.scripts.ForgotPasswordCheck">
    <ignored/>
  </testcase> <!-- ForgotPWDNavigationFlowCheck -->
  <testcase name="forgotPasswordInValid" time="0.0" classname="com.dreamorbit.scripts.ForgotPasswordCheck">
    <ignored/>
  </testcase> <!-- forgotPasswordInValid -->
  <testcase name="rstpwdVerification" time="0.0" classname="com.dreamorbit.scripts.TestResetPasswordValid">
    <ignored/>
  </testcase> <!-- rstpwdVerification -->
  <testcase name="AddResearcherCheckValid" time="0.0" classname="com.dreamorbit.scripts.AddResearcherCheck">
    <ignored/>
  </testcase> <!-- AddResearcherCheckValid -->
  <testcase name="VerifyTokenCheck" time="0.0" classname="com.dreamorbit.scripts.VerifyTokenToggleBTN">
    <ignored/>
  </testcase> <!-- VerifyTokenCheck -->
  <testcase name="testInvalidlogin" time="0.0" classname="com.dreamorbit.scripts.TestInvalidLogin">
    <ignored/>
  </testcase> <!-- testInvalidlogin -->
</testsuite> <!-- Test -->
