<?xml version="1.0" encoding="UTF-8"?>
<!-- Generated by org.testng.reporters.JUnitXMLReporter -->
<testsuite hostname="dosysnet071" ignored="1" name="Test" tests="27" failures="0" timestamp="2020-02-03T16:57:52 IST" time="1028.909" errors="0">
  <testcase name="navigationFlowCheck" time="41.951" classname="com.dreamorbit.scripts.NavigationCheckOnDrawerOptions"/>
  <testcase name="verifyLogout" time="32.4" classname="com.dreamorbit.scripts.LogoutVerification"/>
  <testcase name="testDecryptParticipants" time="10.609" classname="com.dreamorbit.scripts.DecryptParticipantsVerification"/>
  <testcase name="searchResearcherValid" time="60.976" classname="com.dreamorbit.scripts.TestSearchResearcher"/>
  <testcase name="rstpwdVerification" time="16.403" classname="com.dreamorbit.scripts.TestResetPasswordValid"/>
  <testcase name="jsonDownloadCheck" time="16.926" classname="com.dreamorbit.scripts.NavigationCheckUploadsLink"/>
  <testcase name="VerifyTokenCheck" time="21.477" classname="com.dreamorbit.scripts.VerifyTokenToggleBTN"/>
  <testcase name="TestpersonalInfoDecrypt" time="30.448" classname="com.dreamorbit.scripts.PersonalInfoDecrypt"/>
  <testcase name="testShowHidePWD" time="0.557" classname="com.dreamorbit.scripts.TestShowHidePassword"/>
  <testcase name="jsonDownloadInvalidSkey" time="26.073" classname="com.dreamorbit.scripts.JsonDownloadInvalidSkey"/>
  <testcase name="jsonDownloadIncorrectSkey" time="28.642" classname="com.dreamorbit.scripts.JsonDownloadInvalidSkey"/>
  <testcase name="jsonDownloadCheck" time="16.734" classname="com.dreamorbit.scripts.JsonDownloadValidSkey"/>
  <testcase name="testValidlogin" time="3.297" classname="com.dreamorbit.scripts.TestValidLogin"/>
  <testcase name="setNotification" time="83.905" classname="com.dreamorbit.scripts.TestNotification"/>
  <testcase name="testInvalidlogin" time="20.368" classname="com.dreamorbit.scripts.TestInvalidLogin"/>
  <testcase name="ratingAvgCheck" time="73.832" classname="com.dreamorbit.scripts.TestUserRating"/>
  <testcase name="testSaveSessionKey" time="43.284" classname="com.dreamorbit.scripts.VerifySaveKeyForSession"/>
  <testcase name="ForgotPWDNavigationFlowCheck" time="0.226" classname="com.dreamorbit.scripts.ForgotPasswordCheck"/>
  <testcase name="forgotPasswordValid" time="21.509" classname="com.dreamorbit.scripts.ForgotPasswordCheck"/>
  <testcase name="forgotPasswordInValid" time="19.195" classname="com.dreamorbit.scripts.ForgotPasswordCheck"/>
  <testcase name="fPChkWithAttemptlimitExceeded" time="60.86" classname="com.dreamorbit.scripts.ForgotPasswordCheck"/>
  <testcase name="forgotPwdTologinNavigationChk" time="0.33" classname="com.dreamorbit.scripts.ForgotPasswordCheck"/>
  <testcase name="AddResearcherCheckValid" time="20.431" classname="com.dreamorbit.scripts.AddResearcherCheck"/>
  <testcase name="AddResearcherCheckInValid" time="28.127" classname="com.dreamorbit.scripts.AddResearcherCheck"/>
  <testcase name="readingJSON" time="35.904" classname="com.dreamorbit.scripts.Reader"/>
  <testcase name="auditRessearcherVerification" time="43.98" classname="com.dreamorbit.scripts.TestAuditRessearcher"/>
  <testcase name="totalParticipantNavigationCheck" time="19.842" classname="com.dreamorbit.scripts.LabelOptionsNavigationFlowCheck"/>
  <testcase name="sessionExpiryCheck" time="0.0" classname="com.dreamorbit.scripts.VerifySessionExpiry">
    <ignored/>
  </testcase> <!-- sessionExpiryCheck -->
</testsuite> <!-- Test -->
