<?xml version="1.0" encoding="UTF-8"?>
<testng-results skipped="0" failed="0" ignored="0" total="1" passed="1">
  <reporter-output>
  </reporter-output>
  <suite name="Default suite" duration-ms="88825" started-at="2019-11-17T19:03:27Z" finished-at="2019-11-17T19:04:56Z">
    <groups>
    </groups>
    <test name="Default test" duration-ms="88825" started-at="2019-11-17T19:03:27Z" finished-at="2019-11-17T19:04:56Z">
      <class name="com.dreamorbit.scripts.TestNotification">
        <test-method status="PASS" signature="launchAPP()[pri:0, instance:com.dreamorbit.scripts.TestNotification@59f99ea]" name="launchAPP" is-config="true" duration-ms="33885" started-at="2019-11-17T19:03:27Z" finished-at="2019-11-17T19:04:01Z">
          <reporter-output>
          </reporter-output>
        </test-method> <!-- launchAPP -->
        <test-method status="PASS" signature="setNotification()[pri:23, instance:com.dreamorbit.scripts.TestNotification@59f99ea]" name="setNotification" duration-ms="54142" started-at="2019-11-17T19:04:01Z" finished-at="2019-11-17T19:04:55Z">
          <reporter-output>
          </reporter-output>
        </test-method> <!-- setNotification -->
        <test-method status="PASS" signature="closeApp()[pri:0, instance:com.dreamorbit.scripts.TestNotification@59f99ea]" name="closeApp" is-config="true" duration-ms="781" started-at="2019-11-17T19:04:55Z" finished-at="2019-11-17T19:04:56Z">
          <reporter-output>
          </reporter-output>
        </test-method> <!-- closeApp -->
      </class> <!-- com.dreamorbit.scripts.TestNotification -->
    </test> <!-- Default test -->
  </suite> <!-- Default suite -->
</testng-results>
